d:\デスクトップ\marge\neo_fkx\data\otherlib\directxtex-master\directxtex\bin\desktop_2019\win32\release\directxtex.pch
d:\デスクトップ\marge\neo_fkx\data\otherlib\directxtex-master\directxtex\bin\desktop_2019\win32\release\directxtex.pdb
d:\デスクトップ\marge\neo_fkx\data\otherlib\directxtex-master\directxtex\bin\desktop_2019\win32\release\directxtexutil.obj
d:\デスクトップ\marge\neo_fkx\data\otherlib\directxtex-master\directxtex\bin\desktop_2019\win32\release\directxtexwic.obj
d:\デスクトップ\marge\neo_fkx\data\otherlib\directxtex-master\directxtex\bin\desktop_2019\win32\release\directxtextga.obj
d:\デスクトップ\marge\neo_fkx\data\otherlib\directxtex-master\directxtex\bin\desktop_2019\win32\release\directxtexresize.obj
d:\デスクトップ\marge\neo_fkx\data\otherlib\directxtex-master\directxtex\bin\desktop_2019\win32\release\directxtexpmalpha.obj
d:\デスクトップ\marge\neo_fkx\data\otherlib\directxtex-master\directxtex\bin\desktop_2019\win32\release\directxtexnormalmaps.obj
d:\デスクトップ\marge\neo_fkx\data\otherlib\directxtex-master\directxtex\bin\desktop_2019\win32\release\directxtexmisc.obj
d:\デスクトップ\marge\neo_fkx\data\otherlib\directxtex-master\directxtex\bin\desktop_2019\win32\release\directxtexmipmaps.obj
d:\デスクトップ\marge\neo_fkx\data\otherlib\directxtex-master\directxtex\bin\desktop_2019\win32\release\directxteximage.obj
d:\デスクトップ\marge\neo_fkx\data\otherlib\directxtex-master\directxtex\bin\desktop_2019\win32\release\directxtexhdr.obj
d:\デスクトップ\marge\neo_fkx\data\otherlib\directxtex-master\directxtex\bin\desktop_2019\win32\release\directxtexfliprotate.obj
d:\デスクトップ\marge\neo_fkx\data\otherlib\directxtex-master\directxtex\bin\desktop_2019\win32\release\directxtexdds.obj
d:\デスクトップ\marge\neo_fkx\data\otherlib\directxtex-master\directxtex\bin\desktop_2019\win32\release\directxtexd3d11.obj
d:\デスクトップ\marge\neo_fkx\data\otherlib\directxtex-master\directxtex\bin\desktop_2019\win32\release\directxtexconvert.obj
d:\デスクトップ\marge\neo_fkx\data\otherlib\directxtex-master\directxtex\bin\desktop_2019\win32\release\directxtexcompressgpu.obj
d:\デスクトップ\marge\neo_fkx\data\otherlib\directxtex-master\directxtex\bin\desktop_2019\win32\release\directxtexcompress.obj
d:\デスクトップ\marge\neo_fkx\data\otherlib\directxtex-master\directxtex\bin\desktop_2019\win32\release\bcdirectcompute.obj
d:\デスクトップ\marge\neo_fkx\data\otherlib\directxtex-master\directxtex\bin\desktop_2019\win32\release\bc6hbc7.obj
d:\デスクトップ\marge\neo_fkx\data\otherlib\directxtex-master\directxtex\bin\desktop_2019\win32\release\bc4bc5.obj
d:\デスクトップ\marge\neo_fkx\data\otherlib\directxtex-master\directxtex\bin\desktop_2019\win32\release\bc.obj
d:\デスクトップ\marge\neo_fkx\data\otherlib\directxtex-master\directxtex\bin\desktop_2019\win32\release\directxtex.lib
d:\デスクトップ\marge\neo_fkx\data\otherlib\directxtex-master\directxtex\bin\desktop_2019\win32\release\directxtex.tlog\cl.command.1.tlog
d:\デスクトップ\marge\neo_fkx\data\otherlib\directxtex-master\directxtex\bin\desktop_2019\win32\release\directxtex.tlog\cl.read.1.tlog
d:\デスクトップ\marge\neo_fkx\data\otherlib\directxtex-master\directxtex\bin\desktop_2019\win32\release\directxtex.tlog\cl.write.1.tlog
d:\デスクトップ\marge\neo_fkx\data\otherlib\directxtex-master\directxtex\bin\desktop_2019\win32\release\directxtex.tlog\lib-link.read.1.tlog
d:\デスクトップ\marge\neo_fkx\data\otherlib\directxtex-master\directxtex\bin\desktop_2019\win32\release\directxtex.tlog\lib-link.write.1.tlog
d:\デスクトップ\marge\neo_fkx\data\otherlib\directxtex-master\directxtex\bin\desktop_2019\win32\release\directxtex.tlog\lib.command.1.tlog
