d:\sourcetree\hobby work\liblary\directxtex-master\directxtex\bin\desktop_2019\win32\debug\directxtex.pch
d:\sourcetree\hobby work\liblary\directxtex-master\directxtex\bin\desktop_2019\win32\debug\directxtex.pdb
d:\sourcetree\hobby work\liblary\directxtex-master\directxtex\bin\desktop_2019\win32\debug\directxtexutil.obj
d:\sourcetree\hobby work\liblary\directxtex-master\directxtex\bin\desktop_2019\win32\debug\directxtexwic.obj
d:\sourcetree\hobby work\liblary\directxtex-master\directxtex\bin\desktop_2019\win32\debug\directxtextga.obj
d:\sourcetree\hobby work\liblary\directxtex-master\directxtex\bin\desktop_2019\win32\debug\directxtexresize.obj
d:\sourcetree\hobby work\liblary\directxtex-master\directxtex\bin\desktop_2019\win32\debug\directxtexpmalpha.obj
d:\sourcetree\hobby work\liblary\directxtex-master\directxtex\bin\desktop_2019\win32\debug\directxtexnormalmaps.obj
d:\sourcetree\hobby work\liblary\directxtex-master\directxtex\bin\desktop_2019\win32\debug\directxtexmisc.obj
d:\sourcetree\hobby work\liblary\directxtex-master\directxtex\bin\desktop_2019\win32\debug\directxtexmipmaps.obj
d:\sourcetree\hobby work\liblary\directxtex-master\directxtex\bin\desktop_2019\win32\debug\directxteximage.obj
d:\sourcetree\hobby work\liblary\directxtex-master\directxtex\bin\desktop_2019\win32\debug\directxtexhdr.obj
d:\sourcetree\hobby work\liblary\directxtex-master\directxtex\bin\desktop_2019\win32\debug\directxtexfliprotate.obj
d:\sourcetree\hobby work\liblary\directxtex-master\directxtex\bin\desktop_2019\win32\debug\directxtexdds.obj
d:\sourcetree\hobby work\liblary\directxtex-master\directxtex\bin\desktop_2019\win32\debug\directxtexd3d11.obj
d:\sourcetree\hobby work\liblary\directxtex-master\directxtex\bin\desktop_2019\win32\debug\directxtexconvert.obj
d:\sourcetree\hobby work\liblary\directxtex-master\directxtex\bin\desktop_2019\win32\debug\directxtexcompressgpu.obj
d:\sourcetree\hobby work\liblary\directxtex-master\directxtex\bin\desktop_2019\win32\debug\directxtexcompress.obj
d:\sourcetree\hobby work\liblary\directxtex-master\directxtex\bin\desktop_2019\win32\debug\bcdirectcompute.obj
d:\sourcetree\hobby work\liblary\directxtex-master\directxtex\bin\desktop_2019\win32\debug\bc6hbc7.obj
d:\sourcetree\hobby work\liblary\directxtex-master\directxtex\bin\desktop_2019\win32\debug\bc4bc5.obj
d:\sourcetree\hobby work\liblary\directxtex-master\directxtex\bin\desktop_2019\win32\debug\bc.obj
d:\sourcetree\hobby work\liblary\directxtex-master\directxtex\bin\desktop_2019\win32\debug\directxtex.lib
d:\sourcetree\hobby work\liblary\directxtex-master\directxtex\bin\desktop_2019\win32\debug\directxtex.tlog\cl.command.1.tlog
d:\sourcetree\hobby work\liblary\directxtex-master\directxtex\bin\desktop_2019\win32\debug\directxtex.tlog\cl.read.1.tlog
d:\sourcetree\hobby work\liblary\directxtex-master\directxtex\bin\desktop_2019\win32\debug\directxtex.tlog\cl.write.1.tlog
d:\sourcetree\hobby work\liblary\directxtex-master\directxtex\bin\desktop_2019\win32\debug\directxtex.tlog\lib-link.read.1.tlog
d:\sourcetree\hobby work\liblary\directxtex-master\directxtex\bin\desktop_2019\win32\debug\directxtex.tlog\lib-link.write.1.tlog
d:\sourcetree\hobby work\liblary\directxtex-master\directxtex\bin\desktop_2019\win32\debug\directxtex.tlog\lib.command.1.tlog
